{"name":"hexo","hostname":"yeguojian-PC","pid":7292,"level":20,"msg":"Hexo version: 3.1.1","time":"2016-02-29T12:04:23.402Z","v":0}
{"name":"hexo","hostname":"yeguojian-PC","pid":7292,"level":20,"msg":"Working directory: ~\\github\\hexo\\","time":"2016-02-29T12:04:23.411Z","v":0}
{"name":"hexo","hostname":"yeguojian-PC","pid":7292,"level":20,"msg":"Config loaded: ~\\github\\hexo\\_config.yml","time":"2016-02-29T12:04:23.620Z","v":0}
{"name":"hexo","hostname":"yeguojian-PC","pid":7292,"level":20,"msg":"Plugin loaded: hexo-generator-archive","time":"2016-02-29T12:04:23.656Z","v":0}
{"name":"hexo","hostname":"yeguojian-PC","pid":7292,"level":20,"msg":"Plugin loaded: hexo-generator-category","time":"2016-02-29T12:04:23.662Z","v":0}
{"name":"hexo","hostname":"yeguojian-PC","pid":7292,"level":20,"msg":"Plugin loaded: hexo-generator-feed","time":"2016-02-29T12:04:23.740Z","v":0}
{"name":"hexo","hostname":"yeguojian-PC","pid":7292,"level":20,"msg":"Plugin loaded: hexo-generator-index","time":"2016-02-29T12:04:23.748Z","v":0}
{"name":"hexo","hostname":"yeguojian-PC","pid":7292,"level":20,"msg":"Plugin loaded: hexo-generator-tag","time":"2016-02-29T12:04:23.755Z","v":0}
{"name":"hexo","hostname":"yeguojian-PC","pid":7292,"level":20,"msg":"Plugin loaded: hexo-renderer-ejs","time":"2016-02-29T12:04:23.766Z","v":0}
{"name":"hexo","hostname":"yeguojian-PC","pid":7292,"level":20,"msg":"Plugin loaded: hexo-renderer-marked","time":"2016-02-29T12:04:23.958Z","v":0}
{"name":"hexo","hostname":"yeguojian-PC","pid":7292,"level":20,"msg":"Plugin loaded: hexo-renderer-stylus","time":"2016-02-29T12:04:23.962Z","v":0}
{"name":"hexo","hostname":"yeguojian-PC","pid":7292,"level":20,"msg":"Plugin loaded: hexo-server","time":"2016-02-29T12:04:24.219Z","v":0}
{"name":"hexo","hostname":"yeguojian-PC","pid":7292,"level":20,"msg":"Script loaded: themes\\next\\scripts\\filters\\sticky.js","time":"2016-02-29T12:04:24.223Z","v":0}
{"name":"hexo","hostname":"yeguojian-PC","pid":7292,"level":20,"msg":"Script loaded: themes\\next\\scripts\\merge-configs.js","time":"2016-02-29T12:04:24.225Z","v":0}
{"name":"hexo","hostname":"yeguojian-PC","pid":7292,"level":20,"msg":"Script loaded: themes\\next\\scripts\\tags\\center-quote.js","time":"2016-02-29T12:04:24.225Z","v":0}
{"name":"hexo","hostname":"yeguojian-PC","pid":7292,"level":20,"msg":"Script loaded: themes\\next\\scripts\\tags\\full-image.js","time":"2016-02-29T12:04:24.226Z","v":0}
{"name":"hexo","hostname":"yeguojian-PC","pid":7292,"level":20,"msg":"Script loaded: themes\\next\\scripts\\tags\\group-pictures.js","time":"2016-02-29T12:04:24.228Z","v":0}
{"name":"hexo","hostname":"yeguojian-PC","pid":7292,"level":20,"msg":"Loading database.","time":"2016-02-29T12:04:24.289Z","v":0}
{"name":"hexo","hostname":"yeguojian-PC","pid":7292,"level":20,"msg":"Unchanged: source/404.html","time":"2016-02-29T12:04:24.437Z","v":0}
{"name":"hexo","hostname":"yeguojian-PC","pid":7292,"level":20,"msg":"Unchanged: source/_posts/hello-world.md","time":"2016-02-29T12:04:24.438Z","v":0}
{"name":"hexo","hostname":"yeguojian-PC","pid":7292,"level":20,"msg":"Unchanged: source/_posts/jsdj.md","time":"2016-02-29T12:04:24.438Z","v":0}
{"name":"hexo","hostname":"yeguojian-PC","pid":7292,"level":20,"msg":"Unchanged: source/about/index.md","time":"2016-02-29T12:04:24.439Z","v":0}
{"name":"hexo","hostname":"yeguojian-PC","pid":7292,"level":20,"msg":"Unchanged: source/categories/index.md","time":"2016-02-29T12:04:24.439Z","v":0}
{"name":"hexo","hostname":"yeguojian-PC","pid":7292,"level":20,"msg":"Unchanged: source/images/huo.jpg","time":"2016-02-29T12:04:24.439Z","v":0}
{"name":"hexo","hostname":"yeguojian-PC","pid":7292,"level":20,"msg":"Unchanged: source/uploads/author.jpg","time":"2016-02-29T12:04:24.439Z","v":0}
{"name":"hexo","hostname":"yeguojian-PC","pid":7292,"level":20,"msg":"Unchanged: source/tags/index.md","time":"2016-02-29T12:04:24.440Z","v":0}
{"name":"hexo","hostname":"yeguojian-PC","pid":7292,"level":20,"msg":"Unchanged: source/_posts/博客学习.md","time":"2016-02-29T12:04:24.440Z","v":0}
{"name":"hexo","hostname":"yeguojian-PC","pid":7292,"level":20,"msg":"Unchanged: source/uploads/hg.jpg","time":"2016-02-29T12:04:24.440Z","v":0}
{"name":"hexo","hostname":"yeguojian-PC","pid":7292,"level":20,"msg":"Unchanged: source/author.ico","time":"2016-02-29T12:04:24.447Z","v":0}
{"name":"hexo","hostname":"yeguojian-PC","pid":7292,"level":20,"msg":"Processed: 404.html","time":"2016-02-29T12:04:24.460Z","v":0}
{"name":"hexo","hostname":"yeguojian-PC","pid":7292,"level":20,"msg":"Processed: uploads/hg.jpg","time":"2016-02-29T12:04:24.464Z","v":0}
{"name":"hexo","hostname":"yeguojian-PC","pid":7292,"level":20,"msg":"Processed: _posts/博客学习.md","time":"2016-02-29T12:04:24.466Z","v":0}
{"name":"hexo","hostname":"yeguojian-PC","pid":7292,"level":20,"msg":"Processed: author.ico","time":"2016-02-29T12:04:24.467Z","v":0}
{"name":"hexo","hostname":"yeguojian-PC","pid":7292,"level":20,"msg":"Processed: uploads/author.jpg","time":"2016-02-29T12:04:24.472Z","v":0}
{"name":"hexo","hostname":"yeguojian-PC","pid":7292,"level":20,"msg":"Processed: tags/index.md","time":"2016-02-29T12:04:24.474Z","v":0}
{"name":"hexo","hostname":"yeguojian-PC","pid":7292,"level":20,"msg":"Processed: images/huo.jpg","time":"2016-02-29T12:04:24.477Z","v":0}
{"name":"hexo","hostname":"yeguojian-PC","pid":7292,"level":20,"msg":"Processed: categories/index.md","time":"2016-02-29T12:04:24.479Z","v":0}
{"name":"hexo","hostname":"yeguojian-PC","pid":7292,"level":20,"msg":"Processed: about/index.md","time":"2016-02-29T12:04:24.480Z","v":0}
{"name":"hexo","hostname":"yeguojian-PC","pid":7292,"level":20,"msg":"Processed: _posts/jsdj.md","time":"2016-02-29T12:04:24.482Z","v":0}
{"name":"hexo","hostname":"yeguojian-PC","pid":7292,"level":20,"msg":"Processed: _posts/hello-world.md","time":"2016-02-29T12:04:24.483Z","v":0}
{"name":"hexo","hostname":"yeguojian-PC","pid":7292,"level":20,"msg":"Unchanged: themes/next/layout/_scripts/schemes/mist.swig","time":"2016-02-29T12:04:24.972Z","v":0}
{"name":"hexo","hostname":"yeguojian-PC","pid":7292,"level":20,"msg":"Unchanged: themes/next/layout/_scripts/schemes/muse.swig","time":"2016-02-29T12:04:24.973Z","v":0}
{"name":"hexo","hostname":"yeguojian-PC","pid":7292,"level":20,"msg":"Unchanged: themes/next/source/css/_mixins/Mist.styl","time":"2016-02-29T12:04:24.973Z","v":0}
{"name":"hexo","hostname":"yeguojian-PC","pid":7292,"level":20,"msg":"Unchanged: themes/next/source/css/_mixins/Muse.styl","time":"2016-02-29T12:04:24.973Z","v":0}
{"name":"hexo","hostname":"yeguojian-PC","pid":7292,"level":20,"msg":"Unchanged: themes/next/source/css/_mixins/custom.styl","time":"2016-02-29T12:04:24.973Z","v":0}
{"name":"hexo","hostname":"yeguojian-PC","pid":7292,"level":20,"msg":"Unchanged: themes/next/source/css/_variables/Muse.styl","time":"2016-02-29T12:04:24.975Z","v":0}
{"name":"hexo","hostname":"yeguojian-PC","pid":7292,"level":20,"msg":"Unchanged: themes/next/source/css/_variables/custom.styl","time":"2016-02-29T12:04:24.976Z","v":0}
{"name":"hexo","hostname":"yeguojian-PC","pid":7292,"level":20,"msg":"Unchanged: themes/next/README.en.md","time":"2016-02-29T12:04:25.009Z","v":0}
{"name":"hexo","hostname":"yeguojian-PC","pid":7292,"level":20,"msg":"Unchanged: themes/next/README.md","time":"2016-02-29T12:04:25.010Z","v":0}
{"name":"hexo","hostname":"yeguojian-PC","pid":7292,"level":20,"msg":"Unchanged: themes/next/_config.yml","time":"2016-02-29T12:04:25.010Z","v":0}
{"name":"hexo","hostname":"yeguojian-PC","pid":7292,"level":20,"msg":"Unchanged: themes/next/bower.json","time":"2016-02-29T12:04:25.035Z","v":0}
{"name":"hexo","hostname":"yeguojian-PC","pid":7292,"level":20,"msg":"Unchanged: themes/next/gulpfile.coffee","time":"2016-02-29T12:04:25.035Z","v":0}
{"name":"hexo","hostname":"yeguojian-PC","pid":7292,"level":20,"msg":"Unchanged: themes/next/languages/de.yml","time":"2016-02-29T12:04:25.035Z","v":0}
{"name":"hexo","hostname":"yeguojian-PC","pid":7292,"level":20,"msg":"Unchanged: themes/next/languages/default.yml","time":"2016-02-29T12:04:25.036Z","v":0}
{"name":"hexo","hostname":"yeguojian-PC","pid":7292,"level":20,"msg":"Unchanged: themes/next/languages/en.yml","time":"2016-02-29T12:04:25.036Z","v":0}
{"name":"hexo","hostname":"yeguojian-PC","pid":7292,"level":20,"msg":"Unchanged: themes/next/languages/pt.yml","time":"2016-02-29T12:04:25.037Z","v":0}
{"name":"hexo","hostname":"yeguojian-PC","pid":7292,"level":20,"msg":"Unchanged: themes/next/languages/fr-FR.yml","time":"2016-02-29T12:04:25.037Z","v":0}
{"name":"hexo","hostname":"yeguojian-PC","pid":7292,"level":20,"msg":"Unchanged: themes/next/languages/ru.yml","time":"2016-02-29T12:04:25.037Z","v":0}
{"name":"hexo","hostname":"yeguojian-PC","pid":7292,"level":20,"msg":"Unchanged: themes/next/languages/zh-Hans.yml","time":"2016-02-29T12:04:25.038Z","v":0}
{"name":"hexo","hostname":"yeguojian-PC","pid":7292,"level":20,"msg":"Unchanged: themes/next/languages/zh-hk.yml","time":"2016-02-29T12:04:25.038Z","v":0}
{"name":"hexo","hostname":"yeguojian-PC","pid":7292,"level":20,"msg":"Unchanged: themes/next/languages/zh-tw.yml","time":"2016-02-29T12:04:25.038Z","v":0}
{"name":"hexo","hostname":"yeguojian-PC","pid":7292,"level":20,"msg":"Unchanged: themes/next/layout/_layout.swig","time":"2016-02-29T12:04:25.040Z","v":0}
{"name":"hexo","hostname":"yeguojian-PC","pid":7292,"level":20,"msg":"Unchanged: themes/next/layout/_macro/post-collapse.swig","time":"2016-02-29T12:04:25.040Z","v":0}
{"name":"hexo","hostname":"yeguojian-PC","pid":7292,"level":20,"msg":"Unchanged: themes/next/layout/_macro/post.swig","time":"2016-02-29T12:04:25.040Z","v":0}
{"name":"hexo","hostname":"yeguojian-PC","pid":7292,"level":20,"msg":"Unchanged: themes/next/layout/_partials/comments.swig","time":"2016-02-29T12:04:25.040Z","v":0}
{"name":"hexo","hostname":"yeguojian-PC","pid":7292,"level":20,"msg":"Unchanged: themes/next/layout/_macro/sidebar.swig","time":"2016-02-29T12:04:25.041Z","v":0}
{"name":"hexo","hostname":"yeguojian-PC","pid":7292,"level":20,"msg":"Unchanged: themes/next/layout/_partials/duoshuo-hot-articles.swig","time":"2016-02-29T12:04:25.041Z","v":0}
{"name":"hexo","hostname":"yeguojian-PC","pid":7292,"level":20,"msg":"Unchanged: themes/next/layout/_partials/footer.swig","time":"2016-02-29T12:04:25.042Z","v":0}
{"name":"hexo","hostname":"yeguojian-PC","pid":7292,"level":20,"msg":"Unchanged: themes/next/layout/_partials/head.swig","time":"2016-02-29T12:04:25.043Z","v":0}
{"name":"hexo","hostname":"yeguojian-PC","pid":7292,"level":20,"msg":"Unchanged: themes/next/layout/_partials/header.swig","time":"2016-02-29T12:04:25.043Z","v":0}
{"name":"hexo","hostname":"yeguojian-PC","pid":7292,"level":20,"msg":"Unchanged: themes/next/layout/_partials/pagination.swig","time":"2016-02-29T12:04:25.043Z","v":0}
{"name":"hexo","hostname":"yeguojian-PC","pid":7292,"level":20,"msg":"Unchanged: themes/next/layout/_partials/search/swiftype.swig","time":"2016-02-29T12:04:25.043Z","v":0}
{"name":"hexo","hostname":"yeguojian-PC","pid":7292,"level":20,"msg":"Unchanged: themes/next/layout/_partials/search/tinysou.swig","time":"2016-02-29T12:04:25.044Z","v":0}
{"name":"hexo","hostname":"yeguojian-PC","pid":7292,"level":20,"msg":"Unchanged: themes/next/layout/_partials/search.swig","time":"2016-02-29T12:04:25.044Z","v":0}
{"name":"hexo","hostname":"yeguojian-PC","pid":7292,"level":20,"msg":"Unchanged: themes/next/layout/_partials/share/add-this.swig","time":"2016-02-29T12:04:25.045Z","v":0}
{"name":"hexo","hostname":"yeguojian-PC","pid":7292,"level":20,"msg":"Unchanged: themes/next/layout/_partials/share/duoshuo_share.swig","time":"2016-02-29T12:04:25.045Z","v":0}
{"name":"hexo","hostname":"yeguojian-PC","pid":7292,"level":20,"msg":"Unchanged: themes/next/layout/_partials/share/jiathis.swig","time":"2016-02-29T12:04:25.045Z","v":0}
{"name":"hexo","hostname":"yeguojian-PC","pid":7292,"level":20,"msg":"Unchanged: themes/next/layout/_scripts/boostrap.swig","time":"2016-02-29T12:04:25.046Z","v":0}
{"name":"hexo","hostname":"yeguojian-PC","pid":7292,"level":20,"msg":"Unchanged: themes/next/layout/_scripts/pages/post-details.swig","time":"2016-02-29T12:04:25.048Z","v":0}
{"name":"hexo","hostname":"yeguojian-PC","pid":7292,"level":20,"msg":"Unchanged: themes/next/layout/_scripts/third-party/analytics/baidu-analytics.swig","time":"2016-02-29T12:04:25.048Z","v":0}
{"name":"hexo","hostname":"yeguojian-PC","pid":7292,"level":20,"msg":"Unchanged: themes/next/layout/_scripts/schemes/pisces.swig","time":"2016-02-29T12:04:25.048Z","v":0}
{"name":"hexo","hostname":"yeguojian-PC","pid":7292,"level":20,"msg":"Unchanged: themes/next/layout/_scripts/commons.swig","time":"2016-02-29T12:04:25.049Z","v":0}
{"name":"hexo","hostname":"yeguojian-PC","pid":7292,"level":20,"msg":"Unchanged: themes/next/layout/_scripts/third-party/analytics/facebook-sdk.swig","time":"2016-02-29T12:04:25.049Z","v":0}
{"name":"hexo","hostname":"yeguojian-PC","pid":7292,"level":20,"msg":"Unchanged: themes/next/layout/_scripts/third-party/analytics/google-analytics.swig","time":"2016-02-29T12:04:25.050Z","v":0}
{"name":"hexo","hostname":"yeguojian-PC","pid":7292,"level":20,"msg":"Unchanged: themes/next/layout/_scripts/third-party/analytics/tencent-analytics.swig","time":"2016-02-29T12:04:25.050Z","v":0}
{"name":"hexo","hostname":"yeguojian-PC","pid":7292,"level":20,"msg":"Unchanged: themes/next/layout/_scripts/third-party/analytics.swig","time":"2016-02-29T12:04:25.051Z","v":0}
{"name":"hexo","hostname":"yeguojian-PC","pid":7292,"level":20,"msg":"Unchanged: themes/next/layout/_scripts/third-party/baidushare.swig","time":"2016-02-29T12:04:25.051Z","v":0}
{"name":"hexo","hostname":"yeguojian-PC","pid":7292,"level":20,"msg":"Unchanged: themes/next/layout/_scripts/third-party/comments/disqus.swig","time":"2016-02-29T12:04:25.051Z","v":0}
{"name":"hexo","hostname":"yeguojian-PC","pid":7292,"level":20,"msg":"Unchanged: themes/next/layout/_scripts/third-party/comments/duoshuo.swig","time":"2016-02-29T12:04:25.052Z","v":0}
{"name":"hexo","hostname":"yeguojian-PC","pid":7292,"level":20,"msg":"Unchanged: themes/next/layout/_scripts/third-party/comments.swig","time":"2016-02-29T12:04:25.054Z","v":0}
{"name":"hexo","hostname":"yeguojian-PC","pid":7292,"level":20,"msg":"Unchanged: themes/next/layout/_scripts/third-party/lean-analytics.swig","time":"2016-02-29T12:04:25.054Z","v":0}
{"name":"hexo","hostname":"yeguojian-PC","pid":7292,"level":20,"msg":"Unchanged: themes/next/layout/_scripts/third-party/mathjax.swig","time":"2016-02-29T12:04:25.055Z","v":0}
{"name":"hexo","hostname":"yeguojian-PC","pid":7292,"level":20,"msg":"Unchanged: themes/next/layout/_scripts/third-party/tinysou.swig","time":"2016-02-29T12:04:25.056Z","v":0}
{"name":"hexo","hostname":"yeguojian-PC","pid":7292,"level":20,"msg":"Unchanged: themes/next/layout/_scripts/vendors.swig","time":"2016-02-29T12:04:25.056Z","v":0}
{"name":"hexo","hostname":"yeguojian-PC","pid":7292,"level":20,"msg":"Unchanged: themes/next/layout/archive.swig","time":"2016-02-29T12:04:25.057Z","v":0}
{"name":"hexo","hostname":"yeguojian-PC","pid":7292,"level":20,"msg":"Unchanged: themes/next/layout/category.swig","time":"2016-02-29T12:04:25.057Z","v":0}
{"name":"hexo","hostname":"yeguojian-PC","pid":7292,"level":20,"msg":"Unchanged: themes/next/layout/index.swig","time":"2016-02-29T12:04:25.057Z","v":0}
{"name":"hexo","hostname":"yeguojian-PC","pid":7292,"level":20,"msg":"Unchanged: themes/next/layout/page.swig","time":"2016-02-29T12:04:25.058Z","v":0}
{"name":"hexo","hostname":"yeguojian-PC","pid":7292,"level":20,"msg":"Unchanged: themes/next/layout/tag.swig","time":"2016-02-29T12:04:25.058Z","v":0}
{"name":"hexo","hostname":"yeguojian-PC","pid":7292,"level":20,"msg":"Unchanged: themes/next/layout/post.swig","time":"2016-02-29T12:04:25.058Z","v":0}
{"name":"hexo","hostname":"yeguojian-PC","pid":7292,"level":20,"msg":"Unchanged: themes/next/package.json","time":"2016-02-29T12:04:25.059Z","v":0}
{"name":"hexo","hostname":"yeguojian-PC","pid":7292,"level":20,"msg":"Unchanged: themes/next/scripts/filters/sticky.js","time":"2016-02-29T12:04:25.060Z","v":0}
{"name":"hexo","hostname":"yeguojian-PC","pid":7292,"level":20,"msg":"Unchanged: themes/next/scripts/merge-configs.js","time":"2016-02-29T12:04:25.060Z","v":0}
{"name":"hexo","hostname":"yeguojian-PC","pid":7292,"level":20,"msg":"Unchanged: themes/next/scripts/tags/center-quote.js","time":"2016-02-29T12:04:25.060Z","v":0}
{"name":"hexo","hostname":"yeguojian-PC","pid":7292,"level":20,"msg":"Unchanged: themes/next/scripts/tags/full-image.js","time":"2016-02-29T12:04:25.063Z","v":0}
{"name":"hexo","hostname":"yeguojian-PC","pid":7292,"level":20,"msg":"Unchanged: themes/next/scripts/tags/group-pictures.js","time":"2016-02-29T12:04:25.065Z","v":0}
{"name":"hexo","hostname":"yeguojian-PC","pid":7292,"level":20,"msg":"Unchanged: themes/next/source/css/_common/components/back-to-top.styl","time":"2016-02-29T12:04:25.065Z","v":0}
{"name":"hexo","hostname":"yeguojian-PC","pid":7292,"level":20,"msg":"Unchanged: themes/next/source/css/_common/components/buttons.styl","time":"2016-02-29T12:04:25.065Z","v":0}
{"name":"hexo","hostname":"yeguojian-PC","pid":7292,"level":20,"msg":"Unchanged: themes/next/source/css/_common/components/comments.styl","time":"2016-02-29T12:04:25.065Z","v":0}
{"name":"hexo","hostname":"yeguojian-PC","pid":7292,"level":20,"msg":"Unchanged: themes/next/source/css/_common/components/components.styl","time":"2016-02-29T12:04:25.065Z","v":0}
{"name":"hexo","hostname":"yeguojian-PC","pid":7292,"level":20,"msg":"Unchanged: themes/next/source/css/_common/components/footer/footer.styl","time":"2016-02-29T12:04:25.066Z","v":0}
{"name":"hexo","hostname":"yeguojian-PC","pid":7292,"level":20,"msg":"Unchanged: themes/next/source/css/_common/components/header/header.styl","time":"2016-02-29T12:04:25.067Z","v":0}
{"name":"hexo","hostname":"yeguojian-PC","pid":7292,"level":20,"msg":"Unchanged: themes/next/source/css/_common/components/header/headerband.styl","time":"2016-02-29T12:04:25.068Z","v":0}
{"name":"hexo","hostname":"yeguojian-PC","pid":7292,"level":20,"msg":"Unchanged: themes/next/source/css/_common/components/header/menu.styl","time":"2016-02-29T12:04:25.068Z","v":0}
{"name":"hexo","hostname":"yeguojian-PC","pid":7292,"level":20,"msg":"Unchanged: themes/next/source/css/_common/components/header/site-meta.styl","time":"2016-02-29T12:04:25.068Z","v":0}
{"name":"hexo","hostname":"yeguojian-PC","pid":7292,"level":20,"msg":"Unchanged: themes/next/source/css/_common/components/header/site-nav.styl","time":"2016-02-29T12:04:25.069Z","v":0}
{"name":"hexo","hostname":"yeguojian-PC","pid":7292,"level":20,"msg":"Unchanged: themes/next/source/css/_common/components/highlight/highlight.styl","time":"2016-02-29T12:04:25.070Z","v":0}
{"name":"hexo","hostname":"yeguojian-PC","pid":7292,"level":20,"msg":"Unchanged: themes/next/source/css/_common/components/highlight/theme.styl","time":"2016-02-29T12:04:25.070Z","v":0}
{"name":"hexo","hostname":"yeguojian-PC","pid":7292,"level":20,"msg":"Unchanged: themes/next/source/css/_common/components/pages/archive.styl","time":"2016-02-29T12:04:25.071Z","v":0}
{"name":"hexo","hostname":"yeguojian-PC","pid":7292,"level":20,"msg":"Unchanged: themes/next/source/css/_common/components/pages/categories.styl","time":"2016-02-29T12:04:25.071Z","v":0}
{"name":"hexo","hostname":"yeguojian-PC","pid":7292,"level":20,"msg":"Unchanged: themes/next/source/css/_common/components/pages/pages.styl","time":"2016-02-29T12:04:25.072Z","v":0}
{"name":"hexo","hostname":"yeguojian-PC","pid":7292,"level":20,"msg":"Unchanged: themes/next/source/css/_common/components/pages/post-detail.styl","time":"2016-02-29T12:04:25.073Z","v":0}
{"name":"hexo","hostname":"yeguojian-PC","pid":7292,"level":20,"msg":"Unchanged: themes/next/source/css/_common/components/pagination.styl","time":"2016-02-29T12:04:25.075Z","v":0}
{"name":"hexo","hostname":"yeguojian-PC","pid":7292,"level":20,"msg":"Unchanged: themes/next/source/css/_common/components/post/post-collapse.styl","time":"2016-02-29T12:04:25.075Z","v":0}
{"name":"hexo","hostname":"yeguojian-PC","pid":7292,"level":20,"msg":"Unchanged: themes/next/source/css/_common/components/post/post-eof.styl","time":"2016-02-29T12:04:25.075Z","v":0}
{"name":"hexo","hostname":"yeguojian-PC","pid":7292,"level":20,"msg":"Unchanged: themes/next/source/css/_common/components/post/post-expand.styl","time":"2016-02-29T12:04:25.076Z","v":0}
{"name":"hexo","hostname":"yeguojian-PC","pid":7292,"level":20,"msg":"Unchanged: themes/next/source/css/_common/components/post/post-gallery.styl","time":"2016-02-29T12:04:25.076Z","v":0}
{"name":"hexo","hostname":"yeguojian-PC","pid":7292,"level":20,"msg":"Unchanged: themes/next/source/css/_common/components/post/post-meta.styl","time":"2016-02-29T12:04:25.078Z","v":0}
{"name":"hexo","hostname":"yeguojian-PC","pid":7292,"level":20,"msg":"Unchanged: themes/next/source/css/_common/components/post/post-more-link.styl","time":"2016-02-29T12:04:25.079Z","v":0}
{"name":"hexo","hostname":"yeguojian-PC","pid":7292,"level":20,"msg":"Unchanged: themes/next/source/css/_common/components/post/post-nav.styl","time":"2016-02-29T12:04:25.079Z","v":0}
{"name":"hexo","hostname":"yeguojian-PC","pid":7292,"level":20,"msg":"Unchanged: themes/next/source/css/_common/components/post/post-tags.styl","time":"2016-02-29T12:04:25.080Z","v":0}
{"name":"hexo","hostname":"yeguojian-PC","pid":7292,"level":20,"msg":"Unchanged: themes/next/source/css/_common/components/post/post-title.styl","time":"2016-02-29T12:04:25.080Z","v":0}
{"name":"hexo","hostname":"yeguojian-PC","pid":7292,"level":20,"msg":"Unchanged: themes/next/source/css/_common/components/post/post-type.styl","time":"2016-02-29T12:04:25.082Z","v":0}
{"name":"hexo","hostname":"yeguojian-PC","pid":7292,"level":20,"msg":"Unchanged: themes/next/source/css/_common/components/post/post.styl","time":"2016-02-29T12:04:25.082Z","v":0}
{"name":"hexo","hostname":"yeguojian-PC","pid":7292,"level":20,"msg":"Unchanged: themes/next/source/css/_common/components/sidebar/sidebar-author-links.styl","time":"2016-02-29T12:04:25.082Z","v":0}
{"name":"hexo","hostname":"yeguojian-PC","pid":7292,"level":20,"msg":"Unchanged: themes/next/source/css/_common/components/sidebar/sidebar-author.styl","time":"2016-02-29T12:04:25.083Z","v":0}
{"name":"hexo","hostname":"yeguojian-PC","pid":7292,"level":20,"msg":"Unchanged: themes/next/source/css/_common/components/sidebar/sidebar-feed-link.styl","time":"2016-02-29T12:04:25.084Z","v":0}
{"name":"hexo","hostname":"yeguojian-PC","pid":7292,"level":20,"msg":"Unchanged: themes/next/source/css/_common/components/sidebar/sidebar-nav.styl","time":"2016-02-29T12:04:25.085Z","v":0}
{"name":"hexo","hostname":"yeguojian-PC","pid":7292,"level":20,"msg":"Unchanged: themes/next/source/css/_common/components/sidebar/sidebar-toc.styl","time":"2016-02-29T12:04:25.085Z","v":0}
{"name":"hexo","hostname":"yeguojian-PC","pid":7292,"level":20,"msg":"Unchanged: themes/next/source/css/_common/components/sidebar/sidebar-toggle.styl","time":"2016-02-29T12:04:25.085Z","v":0}
{"name":"hexo","hostname":"yeguojian-PC","pid":7292,"level":20,"msg":"Unchanged: themes/next/source/css/_common/components/sidebar/sidebar.styl","time":"2016-02-29T12:04:25.085Z","v":0}
{"name":"hexo","hostname":"yeguojian-PC","pid":7292,"level":20,"msg":"Unchanged: themes/next/source/css/_common/components/sidebar/site-state.styl","time":"2016-02-29T12:04:25.086Z","v":0}
{"name":"hexo","hostname":"yeguojian-PC","pid":7292,"level":20,"msg":"Unchanged: themes/next/source/css/_common/components/tag-cloud.styl","time":"2016-02-29T12:04:25.087Z","v":0}
{"name":"hexo","hostname":"yeguojian-PC","pid":7292,"level":20,"msg":"Unchanged: themes/next/source/css/_common/components/tags/blockquote-center.styl","time":"2016-02-29T12:04:25.087Z","v":0}
{"name":"hexo","hostname":"yeguojian-PC","pid":7292,"level":20,"msg":"Unchanged: themes/next/source/css/_common/components/tags/full-image.styl","time":"2016-02-29T12:04:25.087Z","v":0}
{"name":"hexo","hostname":"yeguojian-PC","pid":7292,"level":20,"msg":"Unchanged: themes/next/source/css/_common/components/tags/group-pictures.styl","time":"2016-02-29T12:04:25.087Z","v":0}
{"name":"hexo","hostname":"yeguojian-PC","pid":7292,"level":20,"msg":"Unchanged: themes/next/source/css/_common/components/tags/tags.styl","time":"2016-02-29T12:04:25.087Z","v":0}
{"name":"hexo","hostname":"yeguojian-PC","pid":7292,"level":20,"msg":"Unchanged: themes/next/source/css/_common/components/third-party/duoshuo.styl","time":"2016-02-29T12:04:25.088Z","v":0}
{"name":"hexo","hostname":"yeguojian-PC","pid":7292,"level":20,"msg":"Unchanged: themes/next/source/css/_common/components/third-party/jiathis.styl","time":"2016-02-29T12:04:25.088Z","v":0}
{"name":"hexo","hostname":"yeguojian-PC","pid":7292,"level":20,"msg":"Unchanged: themes/next/source/css/_common/components/third-party/third-party.styl","time":"2016-02-29T12:04:25.089Z","v":0}
{"name":"hexo","hostname":"yeguojian-PC","pid":7292,"level":20,"msg":"Unchanged: themes/next/source/css/_common/outline/outline.styl","time":"2016-02-29T12:04:25.089Z","v":0}
{"name":"hexo","hostname":"yeguojian-PC","pid":7292,"level":20,"msg":"Unchanged: themes/next/source/css/_common/scaffolding/base.styl","time":"2016-02-29T12:04:25.089Z","v":0}
{"name":"hexo","hostname":"yeguojian-PC","pid":7292,"level":20,"msg":"Unchanged: themes/next/source/css/_common/scaffolding/helpers.styl","time":"2016-02-29T12:04:25.089Z","v":0}
{"name":"hexo","hostname":"yeguojian-PC","pid":7292,"level":20,"msg":"Unchanged: themes/next/source/css/_common/scaffolding/normalize.styl","time":"2016-02-29T12:04:25.090Z","v":0}
{"name":"hexo","hostname":"yeguojian-PC","pid":7292,"level":20,"msg":"Unchanged: themes/next/source/css/_common/scaffolding/scaffolding.styl","time":"2016-02-29T12:04:25.090Z","v":0}
{"name":"hexo","hostname":"yeguojian-PC","pid":7292,"level":20,"msg":"Unchanged: themes/next/source/css/_common/scaffolding/tables.styl","time":"2016-02-29T12:04:25.090Z","v":0}
{"name":"hexo","hostname":"yeguojian-PC","pid":7292,"level":20,"msg":"Unchanged: themes/next/source/css/_custom/custom.styl","time":"2016-02-29T12:04:25.091Z","v":0}
{"name":"hexo","hostname":"yeguojian-PC","pid":7292,"level":20,"msg":"Unchanged: themes/next/source/css/_mixins/Pisces.styl","time":"2016-02-29T12:04:25.091Z","v":0}
{"name":"hexo","hostname":"yeguojian-PC","pid":7292,"level":20,"msg":"Unchanged: themes/next/source/css/_mixins/base.styl","time":"2016-02-29T12:04:25.091Z","v":0}
{"name":"hexo","hostname":"yeguojian-PC","pid":7292,"level":20,"msg":"Unchanged: themes/next/source/css/_schemes/Mist/_base.styl","time":"2016-02-29T12:04:25.092Z","v":0}
{"name":"hexo","hostname":"yeguojian-PC","pid":7292,"level":20,"msg":"Unchanged: themes/next/source/css/_schemes/Mist/_header.styl","time":"2016-02-29T12:04:25.092Z","v":0}
{"name":"hexo","hostname":"yeguojian-PC","pid":7292,"level":20,"msg":"Unchanged: themes/next/source/css/_schemes/Mist/_logo.styl","time":"2016-02-29T12:04:25.092Z","v":0}
{"name":"hexo","hostname":"yeguojian-PC","pid":7292,"level":20,"msg":"Unchanged: themes/next/source/css/_schemes/Mist/_menu.styl","time":"2016-02-29T12:04:25.092Z","v":0}
{"name":"hexo","hostname":"yeguojian-PC","pid":7292,"level":20,"msg":"Unchanged: themes/next/source/css/_schemes/Mist/_posts-expanded.styl","time":"2016-02-29T12:04:25.093Z","v":0}
{"name":"hexo","hostname":"yeguojian-PC","pid":7292,"level":20,"msg":"Unchanged: themes/next/source/css/_schemes/Mist/index.styl","time":"2016-02-29T12:04:25.093Z","v":0}
{"name":"hexo","hostname":"yeguojian-PC","pid":7292,"level":20,"msg":"Unchanged: themes/next/source/css/_schemes/Muse/_layout.styl","time":"2016-02-29T12:04:25.093Z","v":0}
{"name":"hexo","hostname":"yeguojian-PC","pid":7292,"level":20,"msg":"Unchanged: themes/next/source/css/_schemes/Muse/_logo.styl","time":"2016-02-29T12:04:25.094Z","v":0}
{"name":"hexo","hostname":"yeguojian-PC","pid":7292,"level":20,"msg":"Unchanged: themes/next/source/css/_schemes/Muse/_menu.styl","time":"2016-02-29T12:04:25.094Z","v":0}
{"name":"hexo","hostname":"yeguojian-PC","pid":7292,"level":20,"msg":"Unchanged: themes/next/source/css/_schemes/Muse/_search.styl","time":"2016-02-29T12:04:25.094Z","v":0}
{"name":"hexo","hostname":"yeguojian-PC","pid":7292,"level":20,"msg":"Unchanged: themes/next/source/css/_schemes/Muse/index.styl","time":"2016-02-29T12:04:25.094Z","v":0}
{"name":"hexo","hostname":"yeguojian-PC","pid":7292,"level":20,"msg":"Unchanged: themes/next/source/css/_schemes/Pisces/_brand.styl","time":"2016-02-29T12:04:25.094Z","v":0}
{"name":"hexo","hostname":"yeguojian-PC","pid":7292,"level":20,"msg":"Unchanged: themes/next/source/css/_schemes/Pisces/_full-image.styl","time":"2016-02-29T12:04:25.095Z","v":0}
{"name":"hexo","hostname":"yeguojian-PC","pid":7292,"level":20,"msg":"Unchanged: themes/next/source/css/_schemes/Pisces/_layout.styl","time":"2016-02-29T12:04:25.095Z","v":0}
{"name":"hexo","hostname":"yeguojian-PC","pid":7292,"level":20,"msg":"Unchanged: themes/next/source/css/_schemes/Pisces/_menu.styl","time":"2016-02-29T12:04:25.096Z","v":0}
{"name":"hexo","hostname":"yeguojian-PC","pid":7292,"level":20,"msg":"Unchanged: themes/next/source/css/_schemes/Pisces/_posts.styl","time":"2016-02-29T12:04:25.096Z","v":0}
{"name":"hexo","hostname":"yeguojian-PC","pid":7292,"level":20,"msg":"Unchanged: themes/next/source/css/_schemes/Pisces/_sidebar.styl","time":"2016-02-29T12:04:25.096Z","v":0}
{"name":"hexo","hostname":"yeguojian-PC","pid":7292,"level":20,"msg":"Unchanged: themes/next/source/css/_schemes/Pisces/index.styl","time":"2016-02-29T12:04:25.097Z","v":0}
{"name":"hexo","hostname":"yeguojian-PC","pid":7292,"level":20,"msg":"Unchanged: themes/next/source/css/_variables/Mist.styl","time":"2016-02-29T12:04:25.098Z","v":0}
{"name":"hexo","hostname":"yeguojian-PC","pid":7292,"level":20,"msg":"Unchanged: themes/next/source/css/_variables/Pisces.styl","time":"2016-02-29T12:04:25.098Z","v":0}
{"name":"hexo","hostname":"yeguojian-PC","pid":7292,"level":20,"msg":"Unchanged: themes/next/source/css/_variables/base.styl","time":"2016-02-29T12:04:25.098Z","v":0}
{"name":"hexo","hostname":"yeguojian-PC","pid":7292,"level":20,"msg":"Unchanged: themes/next/source/css/_variables/default.styl","time":"2016-02-29T12:04:25.098Z","v":0}
{"name":"hexo","hostname":"yeguojian-PC","pid":7292,"level":20,"msg":"Unchanged: themes/next/source/css/main.styl","time":"2016-02-29T12:04:25.098Z","v":0}
{"name":"hexo","hostname":"yeguojian-PC","pid":7292,"level":20,"msg":"Unchanged: themes/next/source/images/cc-by-nc-nd.svg","time":"2016-02-29T12:04:25.100Z","v":0}
{"name":"hexo","hostname":"yeguojian-PC","pid":7292,"level":20,"msg":"Unchanged: themes/next/source/images/cc-by-nc-sa.svg","time":"2016-02-29T12:04:25.100Z","v":0}
{"name":"hexo","hostname":"yeguojian-PC","pid":7292,"level":20,"msg":"Unchanged: themes/next/source/images/cc-by-nc.svg","time":"2016-02-29T12:04:25.101Z","v":0}
{"name":"hexo","hostname":"yeguojian-PC","pid":7292,"level":20,"msg":"Unchanged: themes/next/source/images/cc-by-nd.svg","time":"2016-02-29T12:04:25.101Z","v":0}
{"name":"hexo","hostname":"yeguojian-PC","pid":7292,"level":20,"msg":"Unchanged: themes/next/source/images/cc-by-sa.svg","time":"2016-02-29T12:04:25.101Z","v":0}
{"name":"hexo","hostname":"yeguojian-PC","pid":7292,"level":20,"msg":"Unchanged: themes/next/source/images/cc-by.svg","time":"2016-02-29T12:04:25.101Z","v":0}
{"name":"hexo","hostname":"yeguojian-PC","pid":7292,"level":20,"msg":"Unchanged: themes/next/source/images/cc-zero.svg","time":"2016-02-29T12:04:25.102Z","v":0}
{"name":"hexo","hostname":"yeguojian-PC","pid":7292,"level":20,"msg":"Unchanged: themes/next/source/images/loading.gif","time":"2016-02-29T12:04:25.102Z","v":0}
{"name":"hexo","hostname":"yeguojian-PC","pid":7292,"level":20,"msg":"Unchanged: themes/next/source/images/placeholder.gif","time":"2016-02-29T12:04:25.103Z","v":0}
{"name":"hexo","hostname":"yeguojian-PC","pid":7292,"level":20,"msg":"Unchanged: themes/next/source/images/quote-l.svg","time":"2016-02-29T12:04:25.103Z","v":0}
{"name":"hexo","hostname":"yeguojian-PC","pid":7292,"level":20,"msg":"Unchanged: themes/next/source/images/quote-r.svg","time":"2016-02-29T12:04:25.103Z","v":0}
{"name":"hexo","hostname":"yeguojian-PC","pid":7292,"level":20,"msg":"Unchanged: themes/next/source/images/searchicon.png","time":"2016-02-29T12:04:25.103Z","v":0}
{"name":"hexo","hostname":"yeguojian-PC","pid":7292,"level":20,"msg":"Unchanged: themes/next/source/js/src/affix.js","time":"2016-02-29T12:04:25.105Z","v":0}
{"name":"hexo","hostname":"yeguojian-PC","pid":7292,"level":20,"msg":"Unchanged: themes/next/source/js/src/hook-duoshuo.js","time":"2016-02-29T12:04:25.105Z","v":0}
{"name":"hexo","hostname":"yeguojian-PC","pid":7292,"level":20,"msg":"Unchanged: themes/next/source/js/src/motion.js","time":"2016-02-29T12:04:25.105Z","v":0}
{"name":"hexo","hostname":"yeguojian-PC","pid":7292,"level":20,"msg":"Unchanged: themes/next/source/js/src/schemes/pisces.js","time":"2016-02-29T12:04:25.105Z","v":0}
{"name":"hexo","hostname":"yeguojian-PC","pid":7292,"level":20,"msg":"Unchanged: themes/next/source/js/src/utils.js","time":"2016-02-29T12:04:25.105Z","v":0}
{"name":"hexo","hostname":"yeguojian-PC","pid":7292,"level":20,"msg":"Unchanged: themes/next/source/js/src/scrollspy.js","time":"2016-02-29T12:04:25.106Z","v":0}
{"name":"hexo","hostname":"yeguojian-PC","pid":7292,"level":20,"msg":"Unchanged: themes/next/source/vendors/fancybox/source/blank.gif","time":"2016-02-29T12:04:25.106Z","v":0}
{"name":"hexo","hostname":"yeguojian-PC","pid":7292,"level":20,"msg":"Unchanged: themes/next/source/vendors/fancybox/source/fancybox_loading.gif","time":"2016-02-29T12:04:25.106Z","v":0}
{"name":"hexo","hostname":"yeguojian-PC","pid":7292,"level":20,"msg":"Unchanged: themes/next/source/vendors/fancybox/source/fancybox_loading@2x.gif","time":"2016-02-29T12:04:25.106Z","v":0}
{"name":"hexo","hostname":"yeguojian-PC","pid":7292,"level":20,"msg":"Unchanged: themes/next/source/vendors/fancybox/source/fancybox_overlay.png","time":"2016-02-29T12:04:25.107Z","v":0}
{"name":"hexo","hostname":"yeguojian-PC","pid":7292,"level":20,"msg":"Unchanged: themes/next/source/vendors/fancybox/source/fancybox_sprite.png","time":"2016-02-29T12:04:25.107Z","v":0}
{"name":"hexo","hostname":"yeguojian-PC","pid":7292,"level":20,"msg":"Unchanged: themes/next/source/vendors/fancybox/source/fancybox_sprite@2x.png","time":"2016-02-29T12:04:25.108Z","v":0}
{"name":"hexo","hostname":"yeguojian-PC","pid":7292,"level":20,"msg":"Unchanged: themes/next/source/vendors/fancybox/source/helpers/fancybox_buttons.png","time":"2016-02-29T12:04:25.108Z","v":0}
{"name":"hexo","hostname":"yeguojian-PC","pid":7292,"level":20,"msg":"Unchanged: themes/next/source/vendors/fancybox/source/helpers/jquery.fancybox-buttons.css","time":"2016-02-29T12:04:25.109Z","v":0}
{"name":"hexo","hostname":"yeguojian-PC","pid":7292,"level":20,"msg":"Unchanged: themes/next/source/vendors/fancybox/source/helpers/jquery.fancybox-buttons.js","time":"2016-02-29T12:04:25.109Z","v":0}
{"name":"hexo","hostname":"yeguojian-PC","pid":7292,"level":20,"msg":"Unchanged: themes/next/source/vendors/fancybox/source/helpers/jquery.fancybox-media.js","time":"2016-02-29T12:04:25.109Z","v":0}
{"name":"hexo","hostname":"yeguojian-PC","pid":7292,"level":20,"msg":"Unchanged: themes/next/source/vendors/fancybox/source/helpers/jquery.fancybox-thumbs.css","time":"2016-02-29T12:04:25.110Z","v":0}
{"name":"hexo","hostname":"yeguojian-PC","pid":7292,"level":20,"msg":"Unchanged: themes/next/source/vendors/fancybox/source/helpers/jquery.fancybox-thumbs.js","time":"2016-02-29T12:04:25.126Z","v":0}
{"name":"hexo","hostname":"yeguojian-PC","pid":7292,"level":20,"msg":"Unchanged: themes/next/source/vendors/fancybox/source/jquery.fancybox.css","time":"2016-02-29T12:04:25.126Z","v":0}
{"name":"hexo","hostname":"yeguojian-PC","pid":7292,"level":20,"msg":"Unchanged: themes/next/source/vendors/fancybox/source/jquery.fancybox.js","time":"2016-02-29T12:04:25.126Z","v":0}
{"name":"hexo","hostname":"yeguojian-PC","pid":7292,"level":20,"msg":"Unchanged: themes/next/source/vendors/fancybox/source/jquery.fancybox.pack.js","time":"2016-02-29T12:04:25.127Z","v":0}
{"name":"hexo","hostname":"yeguojian-PC","pid":7292,"level":20,"msg":"Unchanged: themes/next/source/vendors/fastclick/LICENSE","time":"2016-02-29T12:04:25.127Z","v":0}
{"name":"hexo","hostname":"yeguojian-PC","pid":7292,"level":20,"msg":"Unchanged: themes/next/source/vendors/fastclick/README.md","time":"2016-02-29T12:04:25.127Z","v":0}
{"name":"hexo","hostname":"yeguojian-PC","pid":7292,"level":20,"msg":"Unchanged: themes/next/source/vendors/fastclick/lib/fastclick.js","time":"2016-02-29T12:04:25.127Z","v":0}
{"name":"hexo","hostname":"yeguojian-PC","pid":7292,"level":20,"msg":"Unchanged: themes/next/source/vendors/fastclick/bower.json","time":"2016-02-29T12:04:25.128Z","v":0}
{"name":"hexo","hostname":"yeguojian-PC","pid":7292,"level":20,"msg":"Unchanged: themes/next/source/vendors/fastclick/lib/fastclick.min.js","time":"2016-02-29T12:04:25.128Z","v":0}
{"name":"hexo","hostname":"yeguojian-PC","pid":7292,"level":20,"msg":"Unchanged: themes/next/source/vendors/font-awesome/HELP-US-OUT.txt","time":"2016-02-29T12:04:25.129Z","v":0}
{"name":"hexo","hostname":"yeguojian-PC","pid":7292,"level":20,"msg":"Unchanged: themes/next/source/vendors/font-awesome/bower.json","time":"2016-02-29T12:04:25.130Z","v":0}
{"name":"hexo","hostname":"yeguojian-PC","pid":7292,"level":20,"msg":"Unchanged: themes/next/source/vendors/font-awesome/css/font-awesome.css","time":"2016-02-29T12:04:25.130Z","v":0}
{"name":"hexo","hostname":"yeguojian-PC","pid":7292,"level":20,"msg":"Unchanged: themes/next/source/vendors/font-awesome/css/font-awesome.css.map","time":"2016-02-29T12:04:25.130Z","v":0}
{"name":"hexo","hostname":"yeguojian-PC","pid":7292,"level":20,"msg":"Unchanged: themes/next/source/vendors/font-awesome/css/font-awesome.min.css","time":"2016-02-29T12:04:25.130Z","v":0}
{"name":"hexo","hostname":"yeguojian-PC","pid":7292,"level":20,"msg":"Unchanged: themes/next/source/vendors/font-awesome/fonts/fontawesome-webfont.woff2","time":"2016-02-29T12:04:25.131Z","v":0}
{"name":"hexo","hostname":"yeguojian-PC","pid":7292,"level":20,"msg":"Unchanged: themes/next/source/vendors/jquery_lazyload/CONTRIBUTING.md","time":"2016-02-29T12:04:25.131Z","v":0}
{"name":"hexo","hostname":"yeguojian-PC","pid":7292,"level":20,"msg":"Unchanged: themes/next/source/vendors/jquery_lazyload/README.md","time":"2016-02-29T12:04:25.131Z","v":0}
{"name":"hexo","hostname":"yeguojian-PC","pid":7292,"level":20,"msg":"Unchanged: themes/next/source/vendors/jquery_lazyload/bower.json","time":"2016-02-29T12:04:25.131Z","v":0}
{"name":"hexo","hostname":"yeguojian-PC","pid":7292,"level":20,"msg":"Unchanged: themes/next/source/vendors/jquery_lazyload/jquery.lazyload.js","time":"2016-02-29T12:04:25.131Z","v":0}
{"name":"hexo","hostname":"yeguojian-PC","pid":7292,"level":20,"msg":"Unchanged: themes/next/source/vendors/jquery_lazyload/jquery.scrollstop.js","time":"2016-02-29T12:04:25.131Z","v":0}
{"name":"hexo","hostname":"yeguojian-PC","pid":7292,"level":20,"msg":"Unchanged: themes/next/source/vendors/ua-parser-js/dist/ua-parser.min.js","time":"2016-02-29T12:04:25.132Z","v":0}
{"name":"hexo","hostname":"yeguojian-PC","pid":7292,"level":20,"msg":"Unchanged: themes/next/source/vendors/ua-parser-js/dist/ua-parser.pack.js","time":"2016-02-29T12:04:25.132Z","v":0}
{"name":"hexo","hostname":"yeguojian-PC","pid":7292,"level":20,"msg":"Unchanged: themes/next/source/vendors/velocity/bower.json","time":"2016-02-29T12:04:25.132Z","v":0}
{"name":"hexo","hostname":"yeguojian-PC","pid":7292,"level":20,"msg":"Unchanged: themes/next/source/vendors/velocity/velocity.min.js","time":"2016-02-29T12:04:25.132Z","v":0}
{"name":"hexo","hostname":"yeguojian-PC","pid":7292,"level":20,"msg":"Unchanged: themes/next/source/vendors/velocity/velocity.ui.min.js","time":"2016-02-29T12:04:25.133Z","v":0}
{"name":"hexo","hostname":"yeguojian-PC","pid":7292,"level":20,"msg":"Unchanged: themes/next/source/vendors/velocity/velocity.ui.js","time":"2016-02-29T12:04:25.133Z","v":0}
{"name":"hexo","hostname":"yeguojian-PC","pid":7292,"level":20,"msg":"Unchanged: themes/next/test/intern.js","time":"2016-02-29T12:04:25.133Z","v":0}
{"name":"hexo","hostname":"yeguojian-PC","pid":7292,"level":20,"msg":"Unchanged: themes/next/test/helpers.js","time":"2016-02-29T12:04:25.134Z","v":0}
{"name":"hexo","hostname":"yeguojian-PC","pid":7292,"level":20,"msg":"Unchanged: themes/next/source/js/src/bootstrap.js","time":"2016-02-29T12:04:25.134Z","v":0}
{"name":"hexo","hostname":"yeguojian-PC","pid":7292,"level":20,"msg":"Unchanged: themes/next/source/vendors/font-awesome/fonts/FontAwesome.otf","time":"2016-02-29T12:04:25.142Z","v":0}
{"name":"hexo","hostname":"yeguojian-PC","pid":7292,"level":20,"msg":"Unchanged: themes/next/source/vendors/font-awesome/fonts/fontawesome-webfont.woff","time":"2016-02-29T12:04:25.142Z","v":0}
{"name":"hexo","hostname":"yeguojian-PC","pid":7292,"level":20,"msg":"Unchanged: themes/next/source/vendors/jquery/index.js","time":"2016-02-29T12:04:25.142Z","v":0}
{"name":"hexo","hostname":"yeguojian-PC","pid":7292,"level":20,"msg":"Unchanged: themes/next/source/vendors/font-awesome/fonts/fontawesome-webfont.eot","time":"2016-02-29T12:04:25.143Z","v":0}
{"name":"hexo","hostname":"yeguojian-PC","pid":7292,"level":20,"msg":"Unchanged: themes/next/source/vendors/font-awesome/fonts/fontawesome-webfont.ttf","time":"2016-02-29T12:04:25.146Z","v":0}
{"name":"hexo","hostname":"yeguojian-PC","pid":7292,"level":20,"msg":"Unchanged: themes/next/source/vendors/velocity/velocity.js","time":"2016-02-29T12:04:25.147Z","v":0}
{"name":"hexo","hostname":"yeguojian-PC","pid":7292,"level":20,"msg":"Unchanged: themes/next/source/vendors/font-awesome/fonts/fontawesome-webfont.svg","time":"2016-02-29T12:04:25.148Z","v":0}
{"name":"hexo","hostname":"yeguojian-PC","pid":7292,"level":20,"msg":"Processed: layout/_scripts/schemes/mist.swig","time":"2016-02-29T12:04:25.151Z","v":0}
{"name":"hexo","hostname":"yeguojian-PC","pid":7292,"level":20,"msg":"Processed: source/vendors/font-awesome/fonts/fontawesome-webfont.svg","time":"2016-02-29T12:04:25.153Z","v":0}
{"name":"hexo","hostname":"yeguojian-PC","pid":7292,"level":20,"msg":"Processed: source/vendors/velocity/velocity.js","time":"2016-02-29T12:04:25.154Z","v":0}
{"name":"hexo","hostname":"yeguojian-PC","pid":7292,"level":20,"msg":"Processed: source/vendors/font-awesome/fonts/fontawesome-webfont.ttf","time":"2016-02-29T12:04:25.155Z","v":0}
{"name":"hexo","hostname":"yeguojian-PC","pid":7292,"level":20,"msg":"Processed: source/vendors/jquery/index.js","time":"2016-02-29T12:04:25.155Z","v":0}
{"name":"hexo","hostname":"yeguojian-PC","pid":7292,"level":20,"msg":"Processed: source/vendors/font-awesome/fonts/fontawesome-webfont.woff","time":"2016-02-29T12:04:25.156Z","v":0}
{"name":"hexo","hostname":"yeguojian-PC","pid":7292,"level":20,"msg":"Processed: source/vendors/font-awesome/fonts/fontawesome-webfont.eot","time":"2016-02-29T12:04:25.158Z","v":0}
{"name":"hexo","hostname":"yeguojian-PC","pid":7292,"level":20,"msg":"Processed: source/vendors/font-awesome/fonts/FontAwesome.otf","time":"2016-02-29T12:04:25.160Z","v":0}
{"name":"hexo","hostname":"yeguojian-PC","pid":7292,"level":20,"msg":"Processed: source/js/src/bootstrap.js","time":"2016-02-29T12:04:25.161Z","v":0}
{"name":"hexo","hostname":"yeguojian-PC","pid":7292,"level":20,"msg":"Processed: source/vendors/velocity/velocity.ui.js","time":"2016-02-29T12:04:25.162Z","v":0}
{"name":"hexo","hostname":"yeguojian-PC","pid":7292,"level":20,"msg":"Processed: source/vendors/velocity/velocity.ui.min.js","time":"2016-02-29T12:04:25.163Z","v":0}
{"name":"hexo","hostname":"yeguojian-PC","pid":7292,"level":20,"msg":"Processed: source/vendors/velocity/velocity.min.js","time":"2016-02-29T12:04:25.163Z","v":0}
{"name":"hexo","hostname":"yeguojian-PC","pid":7292,"level":20,"msg":"Processed: source/vendors/velocity/bower.json","time":"2016-02-29T12:04:25.164Z","v":0}
{"name":"hexo","hostname":"yeguojian-PC","pid":7292,"level":20,"msg":"Processed: source/vendors/ua-parser-js/dist/ua-parser.pack.js","time":"2016-02-29T12:04:25.164Z","v":0}
{"name":"hexo","hostname":"yeguojian-PC","pid":7292,"level":20,"msg":"Processed: source/vendors/ua-parser-js/dist/ua-parser.min.js","time":"2016-02-29T12:04:25.165Z","v":0}
{"name":"hexo","hostname":"yeguojian-PC","pid":7292,"level":20,"msg":"Processed: source/vendors/jquery_lazyload/jquery.scrollstop.js","time":"2016-02-29T12:04:25.165Z","v":0}
{"name":"hexo","hostname":"yeguojian-PC","pid":7292,"level":20,"msg":"Processed: source/vendors/jquery_lazyload/jquery.lazyload.js","time":"2016-02-29T12:04:25.166Z","v":0}
{"name":"hexo","hostname":"yeguojian-PC","pid":7292,"level":20,"msg":"Processed: source/vendors/jquery_lazyload/bower.json","time":"2016-02-29T12:04:25.166Z","v":0}
{"name":"hexo","hostname":"yeguojian-PC","pid":7292,"level":20,"msg":"Processed: source/vendors/jquery_lazyload/README.md","time":"2016-02-29T12:04:25.166Z","v":0}
{"name":"hexo","hostname":"yeguojian-PC","pid":7292,"level":20,"msg":"Processed: source/vendors/jquery_lazyload/CONTRIBUTING.md","time":"2016-02-29T12:04:25.167Z","v":0}
{"name":"hexo","hostname":"yeguojian-PC","pid":7292,"level":20,"msg":"Processed: source/vendors/font-awesome/fonts/fontawesome-webfont.woff2","time":"2016-02-29T12:04:25.167Z","v":0}
{"name":"hexo","hostname":"yeguojian-PC","pid":7292,"level":20,"msg":"Processed: source/vendors/font-awesome/css/font-awesome.min.css","time":"2016-02-29T12:04:25.168Z","v":0}
{"name":"hexo","hostname":"yeguojian-PC","pid":7292,"level":20,"msg":"Processed: source/vendors/font-awesome/css/font-awesome.css.map","time":"2016-02-29T12:04:25.169Z","v":0}
{"name":"hexo","hostname":"yeguojian-PC","pid":7292,"level":20,"msg":"Processed: source/vendors/font-awesome/css/font-awesome.css","time":"2016-02-29T12:04:25.170Z","v":0}
{"name":"hexo","hostname":"yeguojian-PC","pid":7292,"level":20,"msg":"Processed: source/vendors/font-awesome/bower.json","time":"2016-02-29T12:04:25.170Z","v":0}
{"name":"hexo","hostname":"yeguojian-PC","pid":7292,"level":20,"msg":"Processed: source/vendors/font-awesome/HELP-US-OUT.txt","time":"2016-02-29T12:04:25.171Z","v":0}
{"name":"hexo","hostname":"yeguojian-PC","pid":7292,"level":20,"msg":"Processed: source/vendors/fastclick/lib/fastclick.min.js","time":"2016-02-29T12:04:25.173Z","v":0}
{"name":"hexo","hostname":"yeguojian-PC","pid":7292,"level":20,"msg":"Processed: source/vendors/fastclick/lib/fastclick.js","time":"2016-02-29T12:04:25.173Z","v":0}
{"name":"hexo","hostname":"yeguojian-PC","pid":7292,"level":20,"msg":"Processed: source/vendors/fastclick/bower.json","time":"2016-02-29T12:04:25.174Z","v":0}
{"name":"hexo","hostname":"yeguojian-PC","pid":7292,"level":20,"msg":"Processed: source/vendors/fastclick/README.md","time":"2016-02-29T12:04:25.174Z","v":0}
{"name":"hexo","hostname":"yeguojian-PC","pid":7292,"level":20,"msg":"Processed: source/vendors/fastclick/LICENSE","time":"2016-02-29T12:04:25.176Z","v":0}
{"name":"hexo","hostname":"yeguojian-PC","pid":7292,"level":20,"msg":"Processed: source/vendors/fancybox/source/jquery.fancybox.pack.js","time":"2016-02-29T12:04:25.177Z","v":0}
{"name":"hexo","hostname":"yeguojian-PC","pid":7292,"level":20,"msg":"Processed: source/vendors/fancybox/source/jquery.fancybox.js","time":"2016-02-29T12:04:25.178Z","v":0}
{"name":"hexo","hostname":"yeguojian-PC","pid":7292,"level":20,"msg":"Processed: source/vendors/fancybox/source/jquery.fancybox.css","time":"2016-02-29T12:04:25.178Z","v":0}
{"name":"hexo","hostname":"yeguojian-PC","pid":7292,"level":20,"msg":"Processed: source/vendors/fancybox/source/helpers/jquery.fancybox-thumbs.js","time":"2016-02-29T12:04:25.179Z","v":0}
{"name":"hexo","hostname":"yeguojian-PC","pid":7292,"level":20,"msg":"Processed: source/vendors/fancybox/source/helpers/jquery.fancybox-thumbs.css","time":"2016-02-29T12:04:25.180Z","v":0}
{"name":"hexo","hostname":"yeguojian-PC","pid":7292,"level":20,"msg":"Processed: source/vendors/fancybox/source/helpers/jquery.fancybox-media.js","time":"2016-02-29T12:04:25.181Z","v":0}
{"name":"hexo","hostname":"yeguojian-PC","pid":7292,"level":20,"msg":"Processed: source/vendors/fancybox/source/helpers/jquery.fancybox-buttons.js","time":"2016-02-29T12:04:25.181Z","v":0}
{"name":"hexo","hostname":"yeguojian-PC","pid":7292,"level":20,"msg":"Processed: source/vendors/fancybox/source/helpers/jquery.fancybox-buttons.css","time":"2016-02-29T12:04:25.182Z","v":0}
{"name":"hexo","hostname":"yeguojian-PC","pid":7292,"level":20,"msg":"Processed: source/vendors/fancybox/source/helpers/fancybox_buttons.png","time":"2016-02-29T12:04:25.182Z","v":0}
{"name":"hexo","hostname":"yeguojian-PC","pid":7292,"level":20,"msg":"Processed: source/vendors/fancybox/source/fancybox_sprite@2x.png","time":"2016-02-29T12:04:25.182Z","v":0}
{"name":"hexo","hostname":"yeguojian-PC","pid":7292,"level":20,"msg":"Processed: source/vendors/fancybox/source/fancybox_sprite.png","time":"2016-02-29T12:04:25.183Z","v":0}
{"name":"hexo","hostname":"yeguojian-PC","pid":7292,"level":20,"msg":"Processed: source/vendors/fancybox/source/fancybox_overlay.png","time":"2016-02-29T12:04:25.183Z","v":0}
{"name":"hexo","hostname":"yeguojian-PC","pid":7292,"level":20,"msg":"Processed: source/vendors/fancybox/source/fancybox_loading@2x.gif","time":"2016-02-29T12:04:25.184Z","v":0}
{"name":"hexo","hostname":"yeguojian-PC","pid":7292,"level":20,"msg":"Processed: source/vendors/fancybox/source/fancybox_loading.gif","time":"2016-02-29T12:04:25.185Z","v":0}
{"name":"hexo","hostname":"yeguojian-PC","pid":7292,"level":20,"msg":"Processed: source/vendors/fancybox/source/blank.gif","time":"2016-02-29T12:04:25.185Z","v":0}
{"name":"hexo","hostname":"yeguojian-PC","pid":7292,"level":20,"msg":"Processed: source/js/src/utils.js","time":"2016-02-29T12:04:25.186Z","v":0}
{"name":"hexo","hostname":"yeguojian-PC","pid":7292,"level":20,"msg":"Processed: source/js/src/scrollspy.js","time":"2016-02-29T12:04:25.186Z","v":0}
{"name":"hexo","hostname":"yeguojian-PC","pid":7292,"level":20,"msg":"Processed: source/js/src/schemes/pisces.js","time":"2016-02-29T12:04:25.187Z","v":0}
{"name":"hexo","hostname":"yeguojian-PC","pid":7292,"level":20,"msg":"Processed: source/js/src/motion.js","time":"2016-02-29T12:04:25.188Z","v":0}
{"name":"hexo","hostname":"yeguojian-PC","pid":7292,"level":20,"msg":"Processed: source/js/src/hook-duoshuo.js","time":"2016-02-29T12:04:25.189Z","v":0}
{"name":"hexo","hostname":"yeguojian-PC","pid":7292,"level":20,"msg":"Processed: source/js/src/affix.js","time":"2016-02-29T12:04:25.189Z","v":0}
{"name":"hexo","hostname":"yeguojian-PC","pid":7292,"level":20,"msg":"Processed: source/images/searchicon.png","time":"2016-02-29T12:04:25.190Z","v":0}
{"name":"hexo","hostname":"yeguojian-PC","pid":7292,"level":20,"msg":"Processed: source/images/quote-r.svg","time":"2016-02-29T12:04:25.190Z","v":0}
{"name":"hexo","hostname":"yeguojian-PC","pid":7292,"level":20,"msg":"Processed: source/images/quote-l.svg","time":"2016-02-29T12:04:25.191Z","v":0}
{"name":"hexo","hostname":"yeguojian-PC","pid":7292,"level":20,"msg":"Processed: source/images/placeholder.gif","time":"2016-02-29T12:04:25.191Z","v":0}
{"name":"hexo","hostname":"yeguojian-PC","pid":7292,"level":20,"msg":"Processed: source/images/loading.gif","time":"2016-02-29T12:04:25.191Z","v":0}
{"name":"hexo","hostname":"yeguojian-PC","pid":7292,"level":20,"msg":"Processed: source/images/cc-zero.svg","time":"2016-02-29T12:04:25.192Z","v":0}
{"name":"hexo","hostname":"yeguojian-PC","pid":7292,"level":20,"msg":"Processed: source/images/cc-by.svg","time":"2016-02-29T12:04:25.193Z","v":0}
{"name":"hexo","hostname":"yeguojian-PC","pid":7292,"level":20,"msg":"Processed: source/images/cc-by-sa.svg","time":"2016-02-29T12:04:25.194Z","v":0}
{"name":"hexo","hostname":"yeguojian-PC","pid":7292,"level":20,"msg":"Processed: source/images/cc-by-nd.svg","time":"2016-02-29T12:04:25.195Z","v":0}
{"name":"hexo","hostname":"yeguojian-PC","pid":7292,"level":20,"msg":"Processed: source/images/cc-by-nc.svg","time":"2016-02-29T12:04:25.196Z","v":0}
{"name":"hexo","hostname":"yeguojian-PC","pid":7292,"level":20,"msg":"Processed: source/images/cc-by-nc-sa.svg","time":"2016-02-29T12:04:25.199Z","v":0}
{"name":"hexo","hostname":"yeguojian-PC","pid":7292,"level":20,"msg":"Processed: source/images/cc-by-nc-nd.svg","time":"2016-02-29T12:04:25.200Z","v":0}
{"name":"hexo","hostname":"yeguojian-PC","pid":7292,"level":20,"msg":"Processed: source/css/main.styl","time":"2016-02-29T12:04:25.200Z","v":0}
{"name":"hexo","hostname":"yeguojian-PC","pid":7292,"level":20,"msg":"Processed: layout/post.swig","time":"2016-02-29T12:04:25.229Z","v":0}
{"name":"hexo","hostname":"yeguojian-PC","pid":7292,"level":20,"msg":"Processed: layout/tag.swig","time":"2016-02-29T12:04:25.231Z","v":0}
{"name":"hexo","hostname":"yeguojian-PC","pid":7292,"level":20,"msg":"Processed: layout/page.swig","time":"2016-02-29T12:04:25.233Z","v":0}
{"name":"hexo","hostname":"yeguojian-PC","pid":7292,"level":20,"msg":"Processed: layout/index.swig","time":"2016-02-29T12:04:25.236Z","v":0}
{"name":"hexo","hostname":"yeguojian-PC","pid":7292,"level":20,"msg":"Processed: layout/category.swig","time":"2016-02-29T12:04:25.243Z","v":0}
{"name":"hexo","hostname":"yeguojian-PC","pid":7292,"level":20,"msg":"Processed: layout/archive.swig","time":"2016-02-29T12:04:25.244Z","v":0}
{"name":"hexo","hostname":"yeguojian-PC","pid":7292,"level":20,"msg":"Processed: layout/_scripts/vendors.swig","time":"2016-02-29T12:04:25.245Z","v":0}
{"name":"hexo","hostname":"yeguojian-PC","pid":7292,"level":20,"msg":"Processed: layout/_scripts/third-party/tinysou.swig","time":"2016-02-29T12:04:25.245Z","v":0}
{"name":"hexo","hostname":"yeguojian-PC","pid":7292,"level":20,"msg":"Processed: layout/_scripts/third-party/mathjax.swig","time":"2016-02-29T12:04:25.246Z","v":0}
{"name":"hexo","hostname":"yeguojian-PC","pid":7292,"level":20,"msg":"Processed: layout/_scripts/third-party/lean-analytics.swig","time":"2016-02-29T12:04:25.246Z","v":0}
{"name":"hexo","hostname":"yeguojian-PC","pid":7292,"level":20,"msg":"Processed: layout/_scripts/third-party/comments.swig","time":"2016-02-29T12:04:25.247Z","v":0}
{"name":"hexo","hostname":"yeguojian-PC","pid":7292,"level":20,"msg":"Processed: layout/_scripts/third-party/comments/duoshuo.swig","time":"2016-02-29T12:04:25.247Z","v":0}
{"name":"hexo","hostname":"yeguojian-PC","pid":7292,"level":20,"msg":"Processed: layout/_scripts/third-party/comments/disqus.swig","time":"2016-02-29T12:04:25.248Z","v":0}
{"name":"hexo","hostname":"yeguojian-PC","pid":7292,"level":20,"msg":"Processed: layout/_scripts/third-party/baidushare.swig","time":"2016-02-29T12:04:25.248Z","v":0}
{"name":"hexo","hostname":"yeguojian-PC","pid":7292,"level":20,"msg":"Processed: layout/_scripts/third-party/analytics.swig","time":"2016-02-29T12:04:25.249Z","v":0}
{"name":"hexo","hostname":"yeguojian-PC","pid":7292,"level":20,"msg":"Processed: layout/_scripts/third-party/analytics/tencent-analytics.swig","time":"2016-02-29T12:04:25.250Z","v":0}
{"name":"hexo","hostname":"yeguojian-PC","pid":7292,"level":20,"msg":"Processed: layout/_scripts/third-party/analytics/google-analytics.swig","time":"2016-02-29T12:04:25.250Z","v":0}
{"name":"hexo","hostname":"yeguojian-PC","pid":7292,"level":20,"msg":"Processed: layout/_scripts/third-party/analytics/facebook-sdk.swig","time":"2016-02-29T12:04:25.251Z","v":0}
{"name":"hexo","hostname":"yeguojian-PC","pid":7292,"level":20,"msg":"Processed: layout/_scripts/third-party/analytics/baidu-analytics.swig","time":"2016-02-29T12:04:25.252Z","v":0}
{"name":"hexo","hostname":"yeguojian-PC","pid":7292,"level":20,"msg":"Processed: layout/_scripts/schemes/pisces.swig","time":"2016-02-29T12:04:25.252Z","v":0}
{"name":"hexo","hostname":"yeguojian-PC","pid":7292,"level":20,"msg":"Processed: layout/_scripts/pages/post-details.swig","time":"2016-02-29T12:04:25.253Z","v":0}
{"name":"hexo","hostname":"yeguojian-PC","pid":7292,"level":20,"msg":"Processed: layout/_scripts/commons.swig","time":"2016-02-29T12:04:25.253Z","v":0}
{"name":"hexo","hostname":"yeguojian-PC","pid":7292,"level":20,"msg":"Processed: layout/_scripts/boostrap.swig","time":"2016-02-29T12:04:25.254Z","v":0}
{"name":"hexo","hostname":"yeguojian-PC","pid":7292,"level":20,"msg":"Processed: layout/_partials/share/jiathis.swig","time":"2016-02-29T12:04:25.254Z","v":0}
{"name":"hexo","hostname":"yeguojian-PC","pid":7292,"level":20,"msg":"Processed: layout/_partials/share/duoshuo_share.swig","time":"2016-02-29T12:04:25.255Z","v":0}
{"name":"hexo","hostname":"yeguojian-PC","pid":7292,"level":20,"msg":"Processed: layout/_partials/share/add-this.swig","time":"2016-02-29T12:04:25.255Z","v":0}
{"name":"hexo","hostname":"yeguojian-PC","pid":7292,"level":20,"msg":"Processed: layout/_partials/search.swig","time":"2016-02-29T12:04:25.256Z","v":0}
{"name":"hexo","hostname":"yeguojian-PC","pid":7292,"level":20,"msg":"Processed: layout/_partials/search/tinysou.swig","time":"2016-02-29T12:04:25.256Z","v":0}
{"name":"hexo","hostname":"yeguojian-PC","pid":7292,"level":20,"msg":"Processed: layout/_partials/search/swiftype.swig","time":"2016-02-29T12:04:25.257Z","v":0}
{"name":"hexo","hostname":"yeguojian-PC","pid":7292,"level":20,"msg":"Processed: layout/_partials/pagination.swig","time":"2016-02-29T12:04:25.257Z","v":0}
{"name":"hexo","hostname":"yeguojian-PC","pid":7292,"level":20,"msg":"Processed: layout/_partials/header.swig","time":"2016-02-29T12:04:25.259Z","v":0}
{"name":"hexo","hostname":"yeguojian-PC","pid":7292,"level":20,"msg":"Processed: layout/_partials/head.swig","time":"2016-02-29T12:04:25.261Z","v":0}
{"name":"hexo","hostname":"yeguojian-PC","pid":7292,"level":20,"msg":"Processed: layout/_partials/footer.swig","time":"2016-02-29T12:04:25.262Z","v":0}
{"name":"hexo","hostname":"yeguojian-PC","pid":7292,"level":20,"msg":"Processed: layout/_partials/duoshuo-hot-articles.swig","time":"2016-02-29T12:04:25.263Z","v":0}
{"name":"hexo","hostname":"yeguojian-PC","pid":7292,"level":20,"msg":"Processed: layout/_partials/comments.swig","time":"2016-02-29T12:04:25.264Z","v":0}
{"name":"hexo","hostname":"yeguojian-PC","pid":7292,"level":20,"msg":"Processed: layout/_macro/sidebar.swig","time":"2016-02-29T12:04:25.265Z","v":0}
{"name":"hexo","hostname":"yeguojian-PC","pid":7292,"level":20,"msg":"Processed: layout/_macro/post.swig","time":"2016-02-29T12:04:25.266Z","v":0}
{"name":"hexo","hostname":"yeguojian-PC","pid":7292,"level":20,"msg":"Processed: layout/_macro/post-collapse.swig","time":"2016-02-29T12:04:25.267Z","v":0}
{"name":"hexo","hostname":"yeguojian-PC","pid":7292,"level":20,"msg":"Processed: layout/_layout.swig","time":"2016-02-29T12:04:25.267Z","v":0}
{"name":"hexo","hostname":"yeguojian-PC","pid":7292,"level":20,"msg":"Processed: languages/zh-tw.yml","time":"2016-02-29T12:04:25.272Z","v":0}
{"name":"hexo","hostname":"yeguojian-PC","pid":7292,"level":20,"msg":"Processed: languages/zh-hk.yml","time":"2016-02-29T12:04:25.278Z","v":0}
{"name":"hexo","hostname":"yeguojian-PC","pid":7292,"level":20,"msg":"Processed: languages/zh-Hans.yml","time":"2016-02-29T12:04:25.283Z","v":0}
{"name":"hexo","hostname":"yeguojian-PC","pid":7292,"level":20,"msg":"Processed: languages/ru.yml","time":"2016-02-29T12:04:25.285Z","v":0}
{"name":"hexo","hostname":"yeguojian-PC","pid":7292,"level":20,"msg":"Processed: languages/pt.yml","time":"2016-02-29T12:04:25.287Z","v":0}
{"name":"hexo","hostname":"yeguojian-PC","pid":7292,"level":20,"msg":"Processed: languages/fr-FR.yml","time":"2016-02-29T12:04:25.288Z","v":0}
{"name":"hexo","hostname":"yeguojian-PC","pid":7292,"level":20,"msg":"Processed: languages/en.yml","time":"2016-02-29T12:04:25.290Z","v":0}
{"name":"hexo","hostname":"yeguojian-PC","pid":7292,"level":20,"msg":"Processed: languages/default.yml","time":"2016-02-29T12:04:25.291Z","v":0}
{"name":"hexo","hostname":"yeguojian-PC","pid":7292,"level":20,"msg":"Processed: languages/de.yml","time":"2016-02-29T12:04:25.293Z","v":0}
{"name":"hexo","hostname":"yeguojian-PC","pid":7292,"level":20,"msg":"Theme config loaded.","time":"2016-02-29T12:04:25.296Z","v":0}
{"name":"hexo","hostname":"yeguojian-PC","pid":7292,"level":20,"msg":"Processed: _config.yml","time":"2016-02-29T12:04:25.296Z","v":0}
{"name":"hexo","hostname":"yeguojian-PC","pid":7292,"level":20,"msg":"Processed: layout/_scripts/schemes/muse.swig","time":"2016-02-29T12:04:25.297Z","v":0}
{"name":"hexo","hostname":"yeguojian-PC","pid":7292,"level":20,"msg":"Generator: page","time":"2016-02-29T12:04:26.141Z","v":0}
{"name":"hexo","hostname":"yeguojian-PC","pid":7292,"level":20,"msg":"Generator: post","time":"2016-02-29T12:04:26.141Z","v":0}
{"name":"hexo","hostname":"yeguojian-PC","pid":7292,"level":20,"msg":"Generator: archive","time":"2016-02-29T12:04:26.141Z","v":0}
{"name":"hexo","hostname":"yeguojian-PC","pid":7292,"level":20,"msg":"Generator: category","time":"2016-02-29T12:04:26.141Z","v":0}
{"name":"hexo","hostname":"yeguojian-PC","pid":7292,"level":20,"msg":"Generator: feed","time":"2016-02-29T12:04:26.141Z","v":0}
{"name":"hexo","hostname":"yeguojian-PC","pid":7292,"level":20,"msg":"Generator: index","time":"2016-02-29T12:04:26.141Z","v":0}
{"name":"hexo","hostname":"yeguojian-PC","pid":7292,"level":20,"msg":"Generator: tag","time":"2016-02-29T12:04:26.142Z","v":0}
{"name":"hexo","hostname":"yeguojian-PC","pid":7292,"level":20,"msg":"Generator: asset","time":"2016-02-29T12:04:26.146Z","v":0}
{"name":"hexo","hostname":"yeguojian-PC","pid":7292,"level":30,"msg":"Hexo is running at http://0.0.0.0:4000/. Press Ctrl+C to stop.","time":"2016-02-29T12:04:26.166Z","v":0}
{"name":"hexo","hostname":"yeguojian-PC","pid":7292,"level":20,"msg":"Database saved","time":"2016-02-29T12:04:26.194Z","v":0}
{"name":"hexo","hostname":"yeguojian-PC","pid":7292,"level":20,"msg":"Rendering index: index.html","time":"2016-02-29T12:04:32.744Z","v":0}
{"name":"hexo","hostname":"yeguojian-PC","pid":7292,"level":20,"msg":"Rendering post: 2016/02/29/博客学习/index.html","time":"2016-02-29T12:04:44.996Z","v":0}
{"name":"hexo","hostname":"yeguojian-PC","pid":7292,"level":20,"msg":"Rendering post: 2016/02/29/博客学习/index.html","time":"2016-02-29T12:04:45.138Z","v":0}
{"name":"hexo","hostname":"yeguojian-PC","pid":7292,"level":20,"msg":"Updated: source/_posts/博客学习.md","time":"2016-02-29T12:08:53.099Z","v":0}
{"name":"hexo","hostname":"yeguojian-PC","pid":7292,"level":20,"msg":"Processed: _posts/博客学习.md","time":"2016-02-29T12:08:53.214Z","v":0}
{"name":"hexo","hostname":"yeguojian-PC","pid":7292,"level":20,"msg":"Generator: page","time":"2016-02-29T12:08:53.306Z","v":0}
{"name":"hexo","hostname":"yeguojian-PC","pid":7292,"level":20,"msg":"Generator: post","time":"2016-02-29T12:08:53.307Z","v":0}
{"name":"hexo","hostname":"yeguojian-PC","pid":7292,"level":20,"msg":"Generator: archive","time":"2016-02-29T12:08:53.307Z","v":0}
{"name":"hexo","hostname":"yeguojian-PC","pid":7292,"level":20,"msg":"Generator: category","time":"2016-02-29T12:08:53.307Z","v":0}
{"name":"hexo","hostname":"yeguojian-PC","pid":7292,"level":20,"msg":"Generator: feed","time":"2016-02-29T12:08:53.307Z","v":0}
{"name":"hexo","hostname":"yeguojian-PC","pid":7292,"level":20,"msg":"Generator: index","time":"2016-02-29T12:08:53.308Z","v":0}
{"name":"hexo","hostname":"yeguojian-PC","pid":7292,"level":20,"msg":"Generator: tag","time":"2016-02-29T12:08:53.308Z","v":0}
{"name":"hexo","hostname":"yeguojian-PC","pid":7292,"level":20,"msg":"Generator: asset","time":"2016-02-29T12:08:53.315Z","v":0}
{"name":"hexo","hostname":"yeguojian-PC","pid":7292,"level":20,"msg":"Rendering post: 2016/02/29/博客学习/index.html","time":"2016-02-29T12:10:35.003Z","v":0}
{"name":"hexo","hostname":"yeguojian-PC","pid":7292,"level":20,"msg":"Rendering post: 2016/02/29/博客学习/index.html","time":"2016-02-29T12:10:55.934Z","v":0}
{"name":"hexo","hostname":"yeguojian-PC","pid":7292,"level":20,"msg":"Updated: source/_posts/博客学习.md","time":"2016-02-29T12:11:05.689Z","v":0}
{"name":"hexo","hostname":"yeguojian-PC","pid":7292,"level":20,"msg":"Processed: _posts/博客学习.md","time":"2016-02-29T12:11:05.801Z","v":0}
{"name":"hexo","hostname":"yeguojian-PC","pid":7292,"level":20,"msg":"Generator: page","time":"2016-02-29T12:11:05.890Z","v":0}
{"name":"hexo","hostname":"yeguojian-PC","pid":7292,"level":20,"msg":"Generator: post","time":"2016-02-29T12:11:05.890Z","v":0}
{"name":"hexo","hostname":"yeguojian-PC","pid":7292,"level":20,"msg":"Generator: archive","time":"2016-02-29T12:11:05.890Z","v":0}
{"name":"hexo","hostname":"yeguojian-PC","pid":7292,"level":20,"msg":"Generator: category","time":"2016-02-29T12:11:05.890Z","v":0}
{"name":"hexo","hostname":"yeguojian-PC","pid":7292,"level":20,"msg":"Generator: feed","time":"2016-02-29T12:11:05.890Z","v":0}
{"name":"hexo","hostname":"yeguojian-PC","pid":7292,"level":20,"msg":"Generator: index","time":"2016-02-29T12:11:05.891Z","v":0}
{"name":"hexo","hostname":"yeguojian-PC","pid":7292,"level":20,"msg":"Generator: tag","time":"2016-02-29T12:11:05.891Z","v":0}
{"name":"hexo","hostname":"yeguojian-PC","pid":7292,"level":20,"msg":"Generator: asset","time":"2016-02-29T12:11:05.901Z","v":0}
{"name":"hexo","hostname":"yeguojian-PC","pid":7292,"level":20,"msg":"Rendering post: 2016/02/29/博客学习/index.html","time":"2016-02-29T12:11:08.517Z","v":0}
{"name":"hexo","hostname":"yeguojian-PC","pid":7292,"level":20,"msg":"Updated: source/_posts/博客学习.md","time":"2016-02-29T12:12:30.520Z","v":0}
{"name":"hexo","hostname":"yeguojian-PC","pid":7292,"level":20,"msg":"Processed: _posts/博客学习.md","time":"2016-02-29T12:12:30.631Z","v":0}
{"name":"hexo","hostname":"yeguojian-PC","pid":7292,"level":20,"msg":"Generator: page","time":"2016-02-29T12:12:30.686Z","v":0}
{"name":"hexo","hostname":"yeguojian-PC","pid":7292,"level":20,"msg":"Generator: post","time":"2016-02-29T12:12:30.686Z","v":0}
{"name":"hexo","hostname":"yeguojian-PC","pid":7292,"level":20,"msg":"Generator: archive","time":"2016-02-29T12:12:30.687Z","v":0}
{"name":"hexo","hostname":"yeguojian-PC","pid":7292,"level":20,"msg":"Generator: category","time":"2016-02-29T12:12:30.687Z","v":0}
{"name":"hexo","hostname":"yeguojian-PC","pid":7292,"level":20,"msg":"Generator: feed","time":"2016-02-29T12:12:30.687Z","v":0}
{"name":"hexo","hostname":"yeguojian-PC","pid":7292,"level":20,"msg":"Generator: index","time":"2016-02-29T12:12:30.687Z","v":0}
{"name":"hexo","hostname":"yeguojian-PC","pid":7292,"level":20,"msg":"Generator: tag","time":"2016-02-29T12:12:30.687Z","v":0}
{"name":"hexo","hostname":"yeguojian-PC","pid":7292,"level":20,"msg":"Generator: asset","time":"2016-02-29T12:12:30.693Z","v":0}
{"name":"hexo","hostname":"yeguojian-PC","pid":7292,"level":20,"msg":"Rendering post: 2016/02/29/博客学习/index.html","time":"2016-02-29T12:12:36.179Z","v":0}
{"name":"hexo","hostname":"yeguojian-PC","pid":7292,"level":20,"msg":"Updated: source/_posts/博客学习.md","time":"2016-02-29T12:16:56.614Z","v":0}
{"name":"hexo","hostname":"yeguojian-PC","pid":7292,"level":20,"msg":"Processed: _posts/博客学习.md","time":"2016-02-29T12:16:56.722Z","v":0}
{"name":"hexo","hostname":"yeguojian-PC","pid":7292,"level":20,"msg":"Generator: page","time":"2016-02-29T12:16:56.788Z","v":0}
{"name":"hexo","hostname":"yeguojian-PC","pid":7292,"level":20,"msg":"Generator: post","time":"2016-02-29T12:16:56.789Z","v":0}
{"name":"hexo","hostname":"yeguojian-PC","pid":7292,"level":20,"msg":"Generator: archive","time":"2016-02-29T12:16:56.790Z","v":0}
{"name":"hexo","hostname":"yeguojian-PC","pid":7292,"level":20,"msg":"Generator: category","time":"2016-02-29T12:16:56.790Z","v":0}
{"name":"hexo","hostname":"yeguojian-PC","pid":7292,"level":20,"msg":"Generator: feed","time":"2016-02-29T12:16:56.790Z","v":0}
{"name":"hexo","hostname":"yeguojian-PC","pid":7292,"level":20,"msg":"Generator: index","time":"2016-02-29T12:16:56.790Z","v":0}
{"name":"hexo","hostname":"yeguojian-PC","pid":7292,"level":20,"msg":"Generator: tag","time":"2016-02-29T12:16:56.791Z","v":0}
{"name":"hexo","hostname":"yeguojian-PC","pid":7292,"level":20,"msg":"Generator: asset","time":"2016-02-29T12:16:56.798Z","v":0}
{"name":"hexo","hostname":"yeguojian-PC","pid":7292,"level":20,"msg":"Rendering post: 2016/02/29/博客学习/index.html","time":"2016-02-29T12:16:58.581Z","v":0}
